AndroidStudio/launcher/build/intermediates/manifest_merge_blame_file/debug/manifest-merger-blame-debug-report.txt
1<?xml version="1.0" encoding="utf-8"?>
2<!-- GENERATED BY UNITY. REMOVE THIS COMMENT TO PREVENT OVERWRITING WHEN EXPORTING AGAIN -->
3<manifest xmlns:android="http://schemas.android.com/apk/res/android"
4    package="com.DefaultCompany.ARFoundation_1"
5    android:installLocation="preferExternal"
6    android:versionCode="1"
7    android:versionName="0.1" >
8
9    <uses-sdk
10        android:minSdkVersion="24"
10-->src\main\AndroidManifest.xml
11        android:targetSdkVersion="29" />
11-->src\main\AndroidManifest.xml
12
13    <supports-screens
13-->src\main\AndroidManifest.xml:4:3-163
14        android:anyDensity="true"
14-->src\main\AndroidManifest.xml:4:135-160
15        android:largeScreens="true"
15-->src\main\AndroidManifest.xml:4:78-105
16        android:normalScreens="true"
16-->src\main\AndroidManifest.xml:4:49-77
17        android:smallScreens="true"
17-->src\main\AndroidManifest.xml:4:21-48
18        android:xlargeScreens="true" />
18-->src\main\AndroidManifest.xml:4:106-134
19
20    <uses-feature android:glEsVersion="0x00030000" />
20-->[:unityLibrary] AndroidManifest.xml:13:5-54
20-->[:unityLibrary] AndroidManifest.xml:13:19-51
21
22    <uses-permission android:name="android.permission.INTERNET" />
22-->[:unityLibrary] AndroidManifest.xml:15:5-67
22-->[:unityLibrary] AndroidManifest.xml:15:22-64
23
24    <uses-feature
24-->[:unityLibrary] AndroidManifest.xml:17:5-19:36
25        android:name="android.hardware.touchscreen"
25-->[:unityLibrary] AndroidManifest.xml:18:9-52
26        android:required="false" />
26-->[:unityLibrary] AndroidManifest.xml:19:9-33
27    <uses-feature
27-->[:unityLibrary] AndroidManifest.xml:20:5-22:36
28        android:name="android.hardware.touchscreen.multitouch"
28-->[:unityLibrary] AndroidManifest.xml:21:9-63
29        android:required="false" />
29-->[:unityLibrary] AndroidManifest.xml:22:9-33
30    <uses-feature
30-->[:unityLibrary] AndroidManifest.xml:23:5-25:36
31        android:name="android.hardware.touchscreen.multitouch.distinct"
31-->[:unityLibrary] AndroidManifest.xml:24:9-72
32        android:required="false" />
32-->[:unityLibrary] AndroidManifest.xml:25:9-33
33
34    <uses-permission android:name="android.permission.CAMERA" />
34-->[:unityLibrary] AndroidManifest.xml:27:5-65
34-->[:unityLibrary] AndroidManifest.xml:27:22-62
35
36    <uses-feature
36-->[:unityLibrary] AndroidManifest.xml:29:5-31:35
37        android:name="android.hardware.camera.ar"
37-->[:unityLibrary] AndroidManifest.xml:30:9-50
38        android:required="true" />
38-->[:unityLibrary] AndroidManifest.xml:31:9-32
39
40    <queries>
40-->[:arcore_client:] AndroidManifest.xml:29:5-31:15
41        <package android:name="com.google.ar.core" />
41-->[:arcore_client:] AndroidManifest.xml:30:9-54
41-->[:arcore_client:] AndroidManifest.xml:30:18-51
42    </queries>
43
44    <application
44-->src\main\AndroidManifest.xml:5:3-83
45        android:debuggable="true"
46        android:extractNativeLibs="false"
47        android:icon="@mipmap/app_icon"
47-->src\main\AndroidManifest.xml:5:49-80
48        android:label="@string/app_name"
48-->src\main\AndroidManifest.xml:5:16-48
49        android:testOnly="true" >
50        <activity
50-->[:unityLibrary] AndroidManifest.xml:34:9-53:20
51            android:name="com.unity3d.player.UnityPlayerActivity"
51-->[:unityLibrary] AndroidManifest.xml:35:13-66
52            android:configChanges="mcc|mnc|locale|touchscreen|keyboard|keyboardHidden|navigation|orientation|screenLayout|uiMode|screenSize|smallestScreenSize|fontScale|layoutDirection|density"
52-->[:unityLibrary] AndroidManifest.xml:36:13-194
53            android:hardwareAccelerated="false"
53-->[:unityLibrary] AndroidManifest.xml:37:13-48
54            android:launchMode="singleTask"
54-->[:unityLibrary] AndroidManifest.xml:38:13-44
55            android:screenOrientation="fullSensor"
55-->[:unityLibrary] AndroidManifest.xml:39:13-51
56            android:theme="@style/UnityThemeSelector" >
56-->[:unityLibrary] AndroidManifest.xml:40:13-54
57            <intent-filter>
57-->[:unityLibrary] AndroidManifest.xml:41:13-45:29
58                <action android:name="android.intent.action.MAIN" />
58-->[:unityLibrary] AndroidManifest.xml:42:17-69
58-->[:unityLibrary] AndroidManifest.xml:42:25-66
59
60                <category android:name="android.intent.category.LAUNCHER" />
60-->[:unityLibrary] AndroidManifest.xml:44:17-77
60-->[:unityLibrary] AndroidManifest.xml:44:27-74
61            </intent-filter>
62
63            <meta-data
63-->[:unityLibrary] AndroidManifest.xml:47:13-49:40
64                android:name="unityplayer.UnityActivity"
64-->[:unityLibrary] AndroidManifest.xml:48:17-57
65                android:value="true" />
65-->[:unityLibrary] AndroidManifest.xml:49:17-37
66            <meta-data
66-->[:unityLibrary] AndroidManifest.xml:50:13-52:40
67                android:name="android.notch_support"
67-->[:unityLibrary] AndroidManifest.xml:51:17-53
68                android:value="true" />
68-->[:unityLibrary] AndroidManifest.xml:52:17-37
69        </activity>
70
71        <meta-data
71-->[:unityLibrary] AndroidManifest.xml:55:9-57:33
72            android:name="unity.splash-mode"
72-->[:unityLibrary] AndroidManifest.xml:56:13-45
73            android:value="0" />
73-->[:unityLibrary] AndroidManifest.xml:57:13-30
74        <meta-data
74-->[:unityLibrary] AndroidManifest.xml:58:9-60:36
75            android:name="unity.splash-enable"
75-->[:unityLibrary] AndroidManifest.xml:59:13-47
76            android:value="True" />
76-->[:unityLibrary] AndroidManifest.xml:60:13-33
77        <meta-data
77-->[:unityLibrary] AndroidManifest.xml:61:9-63:50
78            android:name="notch.config"
78-->[:unityLibrary] AndroidManifest.xml:62:13-40
79            android:value="portrait|landscape" />
79-->[:unityLibrary] AndroidManifest.xml:63:13-47
80        <meta-data
80-->[:unityLibrary] AndroidManifest.xml:64:9-66:68
81            android:name="unity.build-id"
81-->[:unityLibrary] AndroidManifest.xml:65:13-42
82            android:value="1333cfa4-6427-4736-bf1c-df65ef6841cc" />
82-->[:unityLibrary] AndroidManifest.xml:66:13-65
83        <meta-data
83-->[:unityLibrary] AndroidManifest.xml:67:9-69:36
84            android:name="unityplayer.SkipPermissionsDialog"
84-->[:unityLibrary] AndroidManifest.xml:68:13-61
85            android:value="true" />
85-->[:unityLibrary] AndroidManifest.xml:69:13-33
86        <meta-data
86-->[:unityLibrary] AndroidManifest.xml:70:9-72:40
87            android:name="com.google.ar.core"
87-->[:unityLibrary] AndroidManifest.xml:71:13-46
88            android:value="required" /> <!-- The minimal version code of ARCore APK required for an app using this SDK. -->
88-->[:unityLibrary] AndroidManifest.xml:72:13-37
89        <meta-data
89-->[:arcore_client:] AndroidManifest.xml:36:9-38:41
90            android:name="com.google.ar.core.min_apk_version"
90-->[:arcore_client:] AndroidManifest.xml:37:13-62
91            android:value="201750000" /> <!-- This activity is critical for installing ARCore when it is not already present. -->
91-->[:arcore_client:] AndroidManifest.xml:38:13-38
92        <activity
92-->[:arcore_client:] AndroidManifest.xml:40:9-46:80
93            android:name="com.google.ar.core.InstallActivity"
93-->[:arcore_client:] AndroidManifest.xml:41:13-62
94            android:configChanges="keyboardHidden|orientation|screenSize"
94-->[:arcore_client:] AndroidManifest.xml:42:13-74
95            android:excludeFromRecents="true"
95-->[:arcore_client:] AndroidManifest.xml:43:13-46
96            android:exported="false"
96-->[:arcore_client:] AndroidManifest.xml:44:13-37
97            android:launchMode="singleTop"
97-->[:arcore_client:] AndroidManifest.xml:45:13-43
98            android:theme="@android:style/Theme.Material.Light.Dialog.Alert" />
98-->[:arcore_client:] AndroidManifest.xml:46:13-77
99    </application>
100
101</manifest>